<?xml version="1.0" encoding="UTF-8" ?>
<testsuite failures="0" time="0.194" errors="0" skipped="0" tests="2" name="mx.iteso.decorator.condiments.CebollaTest">
  <properties>
    <property name="java.runtime.name" value="Java(TM) SE Runtime Environment"/>
    <property name="sun.boot.library.path" value="/System/Library/Java/JavaVirtualMachines/1.6.0.jdk/Contents/Libraries"/>
    <property name="java.vm.version" value="20.65-b04-466.1"/>
    <property name="awt.nativeDoubleBuffering" value="true"/>
    <property name="gopherProxySet" value="false"/>
    <property name="mrj.build" value="11M4716"/>
    <property name="java.vm.vendor" value="Apple Inc."/>
    <property name="java.vendor.url" value="http://www.apple.com/"/>
    <property name="path.separator" value=":"/>
    <property name="java.vm.name" value="Java HotSpot(TM) 64-Bit Server VM"/>
    <property name="file.encoding.pkg" value="sun.io"/>
    <property name="user.country" value="US"/>
    <property name="sun.java.launcher" value="SUN_STANDARD"/>
    <property name="sun.os.patch.level" value="unknown"/>
    <property name="java.vm.specification.name" value="Java Virtual Machine Specification"/>
    <property name="user.dir" value="/Users/rtorres/Dropbox/ITESO.com/decoratorPattern"/>
    <property name="java.runtime.version" value="1.6.0_65-b14-466.1-11M4716"/>
    <property name="java.awt.graphicsenv" value="apple.awt.CGraphicsEnvironment"/>
    <property name="basedir" value="/Users/rtorres/Dropbox/ITESO.com/decoratorPattern"/>
    <property name="java.endorsed.dirs" value="/System/Library/Java/JavaVirtualMachines/1.6.0.jdk/Contents/Home/lib/endorsed"/>
    <property name="os.arch" value="x86_64"/>
    <property name="surefire.real.class.path" value="/Users/rtorres/Dropbox/ITESO.com/decoratorPattern/target/surefire/surefirebooter6962324527909397927.jar"/>
    <property name="java.io.tmpdir" value="/var/folders/_c/mcfcyzl53zs15w4h9jzpl8y80000gp/T/"/>
    <property name="line.separator" value="
"/>
    <property name="java.vm.specification.vendor" value="Sun Microsystems Inc."/>
    <property name="os.name" value="Mac OS X"/>
    <property name="sun.jnu.encoding" value="MacRoman"/>
    <property name="java.library.path" value=".:/Users/rtorres/Library/Java/Extensions:/Library/Java/Extensions:/System/Library/Java/Extensions:/usr/lib/java"/>
    <property name="surefire.test.class.path" value="/Users/rtorres/Dropbox/ITESO.com/decoratorPattern/target/test-classes:/Users/rtorres/Dropbox/ITESO.com/decoratorPattern/target/classes:/Users/rtorres/.m2/repository/junit/junit/4.10/junit-4.10.jar:/Users/rtorres/.m2/repository/org/hamcrest/hamcrest-core/1.1/hamcrest-core-1.1.jar:/Users/rtorres/.m2/repository/org/mockito/mockito-core/1.9.5/mockito-core-1.9.5.jar:/Users/rtorres/.m2/repository/org/objenesis/objenesis/1.0/objenesis-1.0.jar:/Users/rtorres/.m2/repository/org/codehaus/mojo/cobertura-maven-plugin/2.7/cobertura-maven-plugin-2.7.jar:/Users/rtorres/.m2/repository/net/sourceforge/cobertura/cobertura/2.1.1/cobertura-2.1.1.jar:/Users/rtorres/.m2/repository/org/ow2/asm/asm/5.0.1/asm-5.0.1.jar:/Users/rtorres/.m2/repository/org/ow2/asm/asm-tree/5.0.1/asm-tree-5.0.1.jar:/Users/rtorres/.m2/repository/org/ow2/asm/asm-commons/5.0.1/asm-commons-5.0.1.jar:/Users/rtorres/.m2/repository/org/ow2/asm/asm-util/5.0.1/asm-util-5.0.1.jar:/Users/rtorres/.m2/repository/org/ow2/asm/asm-analysis/5.0.1/asm-analysis-5.0.1.jar:/Users/rtorres/.m2/repository/oro/oro/2.0.8/oro-2.0.8.jar:/Users/rtorres/.m2/repository/org/apache/ant/ant/1.8.3/ant-1.8.3.jar:/Users/rtorres/.m2/repository/org/apache/ant/ant-launcher/1.8.3/ant-launcher-1.8.3.jar:/Users/rtorres/.m2/repository/org/apache/ant/ant-junit/1.8.3/ant-junit-1.8.3.jar:/Users/rtorres/.m2/repository/org/mortbay/jetty/servlet-api-2.5/6.1.14/servlet-api-2.5-6.1.14.jar:/Users/rtorres/.m2/repository/org/mortbay/jetty/jetty/6.1.14/jetty-6.1.14.jar:/Users/rtorres/.m2/repository/org/mortbay/jetty/jetty-util/6.1.14/jetty-util-6.1.14.jar:/System/Library/Java/JavaVirtualMachines/1.6.0.jdk/Contents/Home/../Classes/classes.jar:/Users/rtorres/.m2/repository/org/slf4j/slf4j-api/1.7.5/slf4j-api-1.7.5.jar:/Users/rtorres/.m2/repository/ch/qos/logback/logback-classic/1.0.13/logback-classic-1.0.13.jar:/Users/rtorres/.m2/repository/ch/qos/logback/logback-core/1.0.13/logback-core-1.0.13.jar:/Users/rtorres/.m2/repository/org/apache/commons/commons-lang3/3.3.2/commons-lang3-3.3.2.jar:/Users/rtorres/.m2/repository/xerces/xercesImpl/2.11.0/xercesImpl-2.11.0.jar:/Users/rtorres/.m2/repository/xml-apis/xml-apis/1.4.01/xml-apis-1.4.01.jar:/Users/rtorres/.m2/repository/jaxen/jaxen/1.1.4/jaxen-1.1.4.jar:/Users/rtorres/.m2/repository/org/jdom/jdom/1.1.3/jdom-1.1.3.jar:/Users/rtorres/.m2/repository/urbanophile/java-getopt/1.0.9/java-getopt-1.0.9.jar:/Users/rtorres/.m2/repository/org/apache/maven/maven-core/2.0.8/maven-core-2.0.8.jar:/Users/rtorres/.m2/repository/org/apache/maven/maven-settings/2.0.8/maven-settings-2.0.8.jar:/Users/rtorres/.m2/repository/org/apache/maven/wagon/wagon-file/1.0-beta-2/wagon-file-1.0-beta-2.jar:/Users/rtorres/.m2/repository/org/apache/maven/maven-plugin-parameter-documenter/2.0.8/maven-plugin-parameter-documenter-2.0.8.jar:/Users/rtorres/.m2/repository/org/apache/maven/wagon/wagon-http-lightweight/1.0-beta-2/wagon-http-lightweight-1.0-beta-2.jar:/Users/rtorres/.m2/repository/org/apache/maven/wagon/wagon-http-shared/1.0-beta-2/wagon-http-shared-1.0-beta-2.jar:/Users/rtorres/.m2/repository/jtidy/jtidy/4aug2000r7-dev/jtidy-4aug2000r7-dev.jar:/Users/rtorres/.m2/repository/org/apache/maven/maven-profile/2.0.8/maven-profile-2.0.8.jar:/Users/rtorres/.m2/repository/org/apache/maven/maven-model/2.0.8/maven-model-2.0.8.jar:/Users/rtorres/.m2/repository/org/apache/maven/wagon/wagon-provider-api/1.0-beta-2/wagon-provider-api-1.0-beta-2.jar:/Users/rtorres/.m2/repository/org/codehaus/plexus/plexus-container-default/1.0-alpha-9-stable-1/plexus-container-default-1.0-alpha-9-stable-1.jar:/Users/rtorres/.m2/repository/org/apache/maven/maven-repository-metadata/2.0.8/maven-repository-metadata-2.0.8.jar:/Users/rtorres/.m2/repository/org/apache/maven/maven-error-diagnostics/2.0.8/maven-error-diagnostics-2.0.8.jar:/Users/rtorres/.m2/repository/commons-cli/commons-cli/1.0/commons-cli-1.0.jar:/Users/rtorres/.m2/repository/org/apache/maven/wagon/wagon-ssh-external/1.0-beta-2/wagon-ssh-external-1.0-beta-2.jar:/Users/rtorres/.m2/repository/org/apache/maven/wagon/wagon-ssh-common/1.0-beta-2/wagon-ssh-common-1.0-beta-2.jar:/Users/rtorres/.m2/repository/org/apache/maven/maven-plugin-descriptor/2.0.8/maven-plugin-descriptor-2.0.8.jar:/Users/rtorres/.m2/repository/org/codehaus/plexus/plexus-interactivity-api/1.0-alpha-4/plexus-interactivity-api-1.0-alpha-4.jar:/Users/rtorres/.m2/repository/org/apache/maven/maven-artifact-manager/2.0.8/maven-artifact-manager-2.0.8.jar:/Users/rtorres/.m2/repository/org/apache/maven/maven-monitor/2.0.8/maven-monitor-2.0.8.jar:/Users/rtorres/.m2/repository/org/apache/maven/wagon/wagon-ssh/1.0-beta-2/wagon-ssh-1.0-beta-2.jar:/Users/rtorres/.m2/repository/com/jcraft/jsch/0.1.27/jsch-0.1.27.jar:/Users/rtorres/.m2/repository/classworlds/classworlds/1.1/classworlds-1.1.jar:/Users/rtorres/.m2/repository/org/apache/maven/maven-artifact/2.0.8/maven-artifact-2.0.8.jar:/Users/rtorres/.m2/repository/org/apache/maven/maven-plugin-api/2.0.8/maven-plugin-api-2.0.8.jar:/Users/rtorres/.m2/repository/org/apache/maven/reporting/maven-reporting-api/2.0.8/maven-reporting-api-2.0.8.jar:/Users/rtorres/.m2/repository/org/apache/maven/doxia/doxia-sink-api/1.0-alpha-9/doxia-sink-api-1.0-alpha-9.jar:/Users/rtorres/.m2/repository/org/apache/maven/maven-project/2.0.8/maven-project-2.0.8.jar:/Users/rtorres/.m2/repository/org/apache/maven/maven-plugin-registry/2.0.8/maven-plugin-registry-2.0.8.jar:/Users/rtorres/.m2/repository/org/apache/maven/reporting/maven-reporting-impl/2.0.4.2/maven-reporting-impl-2.0.4.2.jar:/Users/rtorres/.m2/repository/commons-validator/commons-validator/1.2.0/commons-validator-1.2.0.jar:/Users/rtorres/.m2/repository/commons-beanutils/commons-beanutils/1.7.0/commons-beanutils-1.7.0.jar:/Users/rtorres/.m2/repository/commons-digester/commons-digester/1.6/commons-digester-1.6.jar:/Users/rtorres/.m2/repository/commons-logging/commons-logging/1.0.4/commons-logging-1.0.4.jar:/Users/rtorres/.m2/repository/org/apache/maven/doxia/doxia-core/1.0/doxia-core-1.0.jar:/Users/rtorres/.m2/repository/org/apache/maven/doxia/doxia-site-renderer/1.0/doxia-site-renderer-1.0.jar:/Users/rtorres/.m2/repository/org/codehaus/plexus/plexus-i18n/1.0-beta-7/plexus-i18n-1.0-beta-7.jar:/Users/rtorres/.m2/repository/org/codehaus/plexus/plexus-velocity/1.1.7/plexus-velocity-1.1.7.jar:/Users/rtorres/.m2/repository/org/apache/velocity/velocity/1.5/velocity-1.5.jar:/Users/rtorres/.m2/repository/org/apache/maven/doxia/doxia-decoration-model/1.0/doxia-decoration-model-1.0.jar:/Users/rtorres/.m2/repository/commons-collections/commons-collections/3.2/commons-collections-3.2.jar:/Users/rtorres/.m2/repository/org/apache/maven/doxia/doxia-module-apt/1.0/doxia-module-apt-1.0.jar:/Users/rtorres/.m2/repository/org/apache/maven/doxia/doxia-module-fml/1.0/doxia-module-fml-1.0.jar:/Users/rtorres/.m2/repository/org/apache/maven/doxia/doxia-module-xdoc/1.0/doxia-module-xdoc-1.0.jar:/Users/rtorres/.m2/repository/org/apache/maven/doxia/doxia-module-xhtml/1.0/doxia-module-xhtml-1.0.jar:/Users/rtorres/.m2/repository/commons-lang/commons-lang/2.4/commons-lang-2.4.jar:/Users/rtorres/.m2/repository/org/codehaus/plexus/plexus-utils/2.0.2/plexus-utils-2.0.2.jar:/Users/rtorres/.m2/repository/org/apache/maven/shared/maven-invoker/2.0.11/maven-invoker-2.0.11.jar:"/>
    <property name="java.specification.name" value="Java Platform API Specification"/>
    <property name="java.class.version" value="50.0"/>
    <property name="sun.management.compiler" value="HotSpot 64-Bit Tiered Compilers"/>
    <property name="os.version" value="10.10.5"/>
    <property name="http.nonProxyHosts" value="local|*.local|169.254/16|*.169.254/16"/>
    <property name="user.home" value="/Users/rtorres"/>
    <property name="user.timezone" value=""/>
    <property name="java.awt.printerjob" value="apple.awt.CPrinterJob"/>
    <property name="java.specification.version" value="1.6"/>
    <property name="file.encoding" value="MacRoman"/>
    <property name="user.name" value="rtorres"/>
    <property name="java.class.path" value="/Users/rtorres/Dropbox/ITESO.com/decoratorPattern/target/test-classes:/Users/rtorres/Dropbox/ITESO.com/decoratorPattern/target/classes:/Users/rtorres/.m2/repository/junit/junit/4.10/junit-4.10.jar:/Users/rtorres/.m2/repository/org/hamcrest/hamcrest-core/1.1/hamcrest-core-1.1.jar:/Users/rtorres/.m2/repository/org/mockito/mockito-core/1.9.5/mockito-core-1.9.5.jar:/Users/rtorres/.m2/repository/org/objenesis/objenesis/1.0/objenesis-1.0.jar:/Users/rtorres/.m2/repository/org/codehaus/mojo/cobertura-maven-plugin/2.7/cobertura-maven-plugin-2.7.jar:/Users/rtorres/.m2/repository/net/sourceforge/cobertura/cobertura/2.1.1/cobertura-2.1.1.jar:/Users/rtorres/.m2/repository/org/ow2/asm/asm/5.0.1/asm-5.0.1.jar:/Users/rtorres/.m2/repository/org/ow2/asm/asm-tree/5.0.1/asm-tree-5.0.1.jar:/Users/rtorres/.m2/repository/org/ow2/asm/asm-commons/5.0.1/asm-commons-5.0.1.jar:/Users/rtorres/.m2/repository/org/ow2/asm/asm-util/5.0.1/asm-util-5.0.1.jar:/Users/rtorres/.m2/repository/org/ow2/asm/asm-analysis/5.0.1/asm-analysis-5.0.1.jar:/Users/rtorres/.m2/repository/oro/oro/2.0.8/oro-2.0.8.jar:/Users/rtorres/.m2/repository/org/apache/ant/ant/1.8.3/ant-1.8.3.jar:/Users/rtorres/.m2/repository/org/apache/ant/ant-launcher/1.8.3/ant-launcher-1.8.3.jar:/Users/rtorres/.m2/repository/org/apache/ant/ant-junit/1.8.3/ant-junit-1.8.3.jar:/Users/rtorres/.m2/repository/org/mortbay/jetty/servlet-api-2.5/6.1.14/servlet-api-2.5-6.1.14.jar:/Users/rtorres/.m2/repository/org/mortbay/jetty/jetty/6.1.14/jetty-6.1.14.jar:/Users/rtorres/.m2/repository/org/mortbay/jetty/jetty-util/6.1.14/jetty-util-6.1.14.jar:/System/Library/Java/JavaVirtualMachines/1.6.0.jdk/Contents/Home/../Classes/classes.jar:/Users/rtorres/.m2/repository/org/slf4j/slf4j-api/1.7.5/slf4j-api-1.7.5.jar:/Users/rtorres/.m2/repository/ch/qos/logback/logback-classic/1.0.13/logback-classic-1.0.13.jar:/Users/rtorres/.m2/repository/ch/qos/logback/logback-core/1.0.13/logback-core-1.0.13.jar:/Users/rtorres/.m2/repository/org/apache/commons/commons-lang3/3.3.2/commons-lang3-3.3.2.jar:/Users/rtorres/.m2/repository/xerces/xercesImpl/2.11.0/xercesImpl-2.11.0.jar:/Users/rtorres/.m2/repository/xml-apis/xml-apis/1.4.01/xml-apis-1.4.01.jar:/Users/rtorres/.m2/repository/jaxen/jaxen/1.1.4/jaxen-1.1.4.jar:/Users/rtorres/.m2/repository/org/jdom/jdom/1.1.3/jdom-1.1.3.jar:/Users/rtorres/.m2/repository/urbanophile/java-getopt/1.0.9/java-getopt-1.0.9.jar:/Users/rtorres/.m2/repository/org/apache/maven/maven-core/2.0.8/maven-core-2.0.8.jar:/Users/rtorres/.m2/repository/org/apache/maven/maven-settings/2.0.8/maven-settings-2.0.8.jar:/Users/rtorres/.m2/repository/org/apache/maven/wagon/wagon-file/1.0-beta-2/wagon-file-1.0-beta-2.jar:/Users/rtorres/.m2/repository/org/apache/maven/maven-plugin-parameter-documenter/2.0.8/maven-plugin-parameter-documenter-2.0.8.jar:/Users/rtorres/.m2/repository/org/apache/maven/wagon/wagon-http-lightweight/1.0-beta-2/wagon-http-lightweight-1.0-beta-2.jar:/Users/rtorres/.m2/repository/org/apache/maven/wagon/wagon-http-shared/1.0-beta-2/wagon-http-shared-1.0-beta-2.jar:/Users/rtorres/.m2/repository/jtidy/jtidy/4aug2000r7-dev/jtidy-4aug2000r7-dev.jar:/Users/rtorres/.m2/repository/org/apache/maven/maven-profile/2.0.8/maven-profile-2.0.8.jar:/Users/rtorres/.m2/repository/org/apache/maven/maven-model/2.0.8/maven-model-2.0.8.jar:/Users/rtorres/.m2/repository/org/apache/maven/wagon/wagon-provider-api/1.0-beta-2/wagon-provider-api-1.0-beta-2.jar:/Users/rtorres/.m2/repository/org/codehaus/plexus/plexus-container-default/1.0-alpha-9-stable-1/plexus-container-default-1.0-alpha-9-stable-1.jar:/Users/rtorres/.m2/repository/org/apache/maven/maven-repository-metadata/2.0.8/maven-repository-metadata-2.0.8.jar:/Users/rtorres/.m2/repository/org/apache/maven/maven-error-diagnostics/2.0.8/maven-error-diagnostics-2.0.8.jar:/Users/rtorres/.m2/repository/commons-cli/commons-cli/1.0/commons-cli-1.0.jar:/Users/rtorres/.m2/repository/org/apache/maven/wagon/wagon-ssh-external/1.0-beta-2/wagon-ssh-external-1.0-beta-2.jar:/Users/rtorres/.m2/repository/org/apache/maven/wagon/wagon-ssh-common/1.0-beta-2/wagon-ssh-common-1.0-beta-2.jar:/Users/rtorres/.m2/repository/org/apache/maven/maven-plugin-descriptor/2.0.8/maven-plugin-descriptor-2.0.8.jar:/Users/rtorres/.m2/repository/org/codehaus/plexus/plexus-interactivity-api/1.0-alpha-4/plexus-interactivity-api-1.0-alpha-4.jar:/Users/rtorres/.m2/repository/org/apache/maven/maven-artifact-manager/2.0.8/maven-artifact-manager-2.0.8.jar:/Users/rtorres/.m2/repository/org/apache/maven/maven-monitor/2.0.8/maven-monitor-2.0.8.jar:/Users/rtorres/.m2/repository/org/apache/maven/wagon/wagon-ssh/1.0-beta-2/wagon-ssh-1.0-beta-2.jar:/Users/rtorres/.m2/repository/com/jcraft/jsch/0.1.27/jsch-0.1.27.jar:/Users/rtorres/.m2/repository/classworlds/classworlds/1.1/classworlds-1.1.jar:/Users/rtorres/.m2/repository/org/apache/maven/maven-artifact/2.0.8/maven-artifact-2.0.8.jar:/Users/rtorres/.m2/repository/org/apache/maven/maven-plugin-api/2.0.8/maven-plugin-api-2.0.8.jar:/Users/rtorres/.m2/repository/org/apache/maven/reporting/maven-reporting-api/2.0.8/maven-reporting-api-2.0.8.jar:/Users/rtorres/.m2/repository/org/apache/maven/doxia/doxia-sink-api/1.0-alpha-9/doxia-sink-api-1.0-alpha-9.jar:/Users/rtorres/.m2/repository/org/apache/maven/maven-project/2.0.8/maven-project-2.0.8.jar:/Users/rtorres/.m2/repository/org/apache/maven/maven-plugin-registry/2.0.8/maven-plugin-registry-2.0.8.jar:/Users/rtorres/.m2/repository/org/apache/maven/reporting/maven-reporting-impl/2.0.4.2/maven-reporting-impl-2.0.4.2.jar:/Users/rtorres/.m2/repository/commons-validator/commons-validator/1.2.0/commons-validator-1.2.0.jar:/Users/rtorres/.m2/repository/commons-beanutils/commons-beanutils/1.7.0/commons-beanutils-1.7.0.jar:/Users/rtorres/.m2/repository/commons-digester/commons-digester/1.6/commons-digester-1.6.jar:/Users/rtorres/.m2/repository/commons-logging/commons-logging/1.0.4/commons-logging-1.0.4.jar:/Users/rtorres/.m2/repository/org/apache/maven/doxia/doxia-core/1.0/doxia-core-1.0.jar:/Users/rtorres/.m2/repository/org/apache/maven/doxia/doxia-site-renderer/1.0/doxia-site-renderer-1.0.jar:/Users/rtorres/.m2/repository/org/codehaus/plexus/plexus-i18n/1.0-beta-7/plexus-i18n-1.0-beta-7.jar:/Users/rtorres/.m2/repository/org/codehaus/plexus/plexus-velocity/1.1.7/plexus-velocity-1.1.7.jar:/Users/rtorres/.m2/repository/org/apache/velocity/velocity/1.5/velocity-1.5.jar:/Users/rtorres/.m2/repository/org/apache/maven/doxia/doxia-decoration-model/1.0/doxia-decoration-model-1.0.jar:/Users/rtorres/.m2/repository/commons-collections/commons-collections/3.2/commons-collections-3.2.jar:/Users/rtorres/.m2/repository/org/apache/maven/doxia/doxia-module-apt/1.0/doxia-module-apt-1.0.jar:/Users/rtorres/.m2/repository/org/apache/maven/doxia/doxia-module-fml/1.0/doxia-module-fml-1.0.jar:/Users/rtorres/.m2/repository/org/apache/maven/doxia/doxia-module-xdoc/1.0/doxia-module-xdoc-1.0.jar:/Users/rtorres/.m2/repository/org/apache/maven/doxia/doxia-module-xhtml/1.0/doxia-module-xhtml-1.0.jar:/Users/rtorres/.m2/repository/commons-lang/commons-lang/2.4/commons-lang-2.4.jar:/Users/rtorres/.m2/repository/org/codehaus/plexus/plexus-utils/2.0.2/plexus-utils-2.0.2.jar:/Users/rtorres/.m2/repository/org/apache/maven/shared/maven-invoker/2.0.11/maven-invoker-2.0.11.jar:"/>
    <property name="java.vm.specification.version" value="1.0"/>
    <property name="sun.arch.data.model" value="64"/>
    <property name="java.home" value="/System/Library/Java/JavaVirtualMachines/1.6.0.jdk/Contents/Home"/>
    <property name="sun.java.command" value="/Users/rtorres/Dropbox/ITESO.com/decoratorPattern/target/surefire/surefirebooter6962324527909397927.jar /Users/rtorres/Dropbox/ITESO.com/decoratorPattern/target/surefire/surefire6262326798003498221tmp /Users/rtorres/Dropbox/ITESO.com/decoratorPattern/target/surefire/surefire2236216979614290308tmp"/>
    <property name="java.specification.vendor" value="Sun Microsystems Inc."/>
    <property name="user.language" value="en"/>
    <property name="awt.toolkit" value="apple.awt.CToolkit"/>
    <property name="java.vm.info" value="mixed mode"/>
    <property name="java.version" value="1.6.0_65"/>
    <property name="java.ext.dirs" value="/Users/rtorres/Library/Java/Extensions:/Library/Java/Extensions:/System/Library/Java/Extensions:/System/Library/Java/JavaVirtualMachines/1.6.0.jdk/Contents/Home/lib/ext"/>
    <property name="sun.boot.class.path" value="/System/Library/Java/JavaVirtualMachines/1.6.0.jdk/Contents/Classes/jsfd.jar:/System/Library/Java/JavaVirtualMachines/1.6.0.jdk/Contents/Classes/classes.jar:/System/Library/Frameworks/JavaVM.framework/Frameworks/JavaRuntimeSupport.framework/Resources/Java/JavaRuntimeSupport.jar:/System/Library/Java/JavaVirtualMachines/1.6.0.jdk/Contents/Classes/ui.jar:/System/Library/Java/JavaVirtualMachines/1.6.0.jdk/Contents/Classes/laf.jar:/System/Library/Java/JavaVirtualMachines/1.6.0.jdk/Contents/Classes/sunrsasign.jar:/System/Library/Java/JavaVirtualMachines/1.6.0.jdk/Contents/Classes/jsse.jar:/System/Library/Java/JavaVirtualMachines/1.6.0.jdk/Contents/Classes/jce.jar:/System/Library/Java/JavaVirtualMachines/1.6.0.jdk/Contents/Classes/charsets.jar"/>
    <property name="java.vendor" value="Apple Inc."/>
    <property name="localRepository" value="/Users/rtorres/.m2/repository"/>
    <property name="file.separator" value="/"/>
    <property name="java.vendor.url.bug" value="http://bugreport.apple.com/"/>
    <property name="sun.cpu.endian" value="little"/>
    <property name="sun.io.unicode.encoding" value="UnicodeLittle"/>
    <property name="mrj.version" value="1070.1.6.0_65-466.1"/>
    <property name="socksNonProxyHosts" value="local|*.local|169.254/16|*.169.254/16"/>
    <property name="ftp.nonProxyHosts" value="local|*.local|169.254/16|*.169.254/16"/>
    <property name="sun.cpu.isalist" value=""/>
  </properties>
  <testcase time="0.155" classname="mx.iteso.decorator.condiments.CebollaTest" name="testCost"/>
  <testcase time="0.001" classname="mx.iteso.decorator.condiments.CebollaTest" name="testDescription"/>
</testsuite>